Arguments: 
  /snap/node/2336/bin/node /home/salau/.yarn/bin/yarn.js add @babel-node

PATH: 
  /home/salau/.yarn/bin:/home/salau/.config/yarn/global/node_modules/.bin:/home/salau/.local/bin:/home/salau/.yarn/bin:/home/salau/.config/yarn/global/node_modules/.bin:/home/salau/.local/bin:/usr/local/sbin:/usr/local/bin:/usr/sbin:/usr/bin:/sbin:/bin:/usr/games:/usr/local/games:/snap/bin:/usr/local/go/bin:/usr/local/go/bin

Yarn version: 
  1.19.2

Node version: 
  11.15.0

Platform: 
  linux x64

Trace: 
  Error: https://registry.yarnpkg.com/@babel-node: Request "https://registry.yarnpkg.com/@babel-node" returned a 405
      at Request.params.callback [as _callback] (/home/salau/.yarn/lib/cli.js:66936:18)
      at Request.self.callback (/home/salau/.yarn/lib/cli.js:140586:22)
      at Request.emit (events.js:193:13)
      at Request.<anonymous> (/home/salau/.yarn/lib/cli.js:141558:10)
      at Request.emit (events.js:193:13)
      at IncomingMessage.<anonymous> (/home/salau/.yarn/lib/cli.js:141480:12)
      at Object.onceWrapper (events.js:281:20)
      at IncomingMessage.emit (events.js:198:15)
      at endReadableNT (_stream_readable.js:1139:12)
      at processTicksAndRejections (internal/process/task_queues.js:81:17)

npm manifest: 
  {
    "name": "manga-reader",
    "version": "1.0.0",
    "main": "index.js",
    "author": "Raene",
    "license": "MIT",
    "dependencies": {}
  }

yarn manifest: 
  No manifest

Lockfile: 
  # THIS IS AN AUTOGENERATED FILE. DO NOT EDIT THIS FILE DIRECTLY.
  # yarn lockfile v1
